app/build/intermediates/manifest_merge_blame_file/debug/manifest-merger-blame-debug-report.txt
1<?xml version="1.0" encoding="utf-8"?>
2<manifest xmlns:android="http://schemas.android.com/apk/res/android"
3    package="com.autoreply.app"
4    android:versionCode="1"
5    android:versionName="1.0" >
6
7    <uses-sdk
8        android:minSdkVersion="24"
9        android:targetSdkVersion="34" />
10
11    <!-- Phone state: detect incoming calls -->
12    <uses-permission android:name="android.permission.READ_PHONE_STATE" />
12-->src/main/AndroidManifest.xml:5:5-75
12-->src/main/AndroidManifest.xml:5:22-72
13    <uses-permission android:name="android.permission.READ_CALL_LOG" />
13-->src/main/AndroidManifest.xml:6:5-72
13-->src/main/AndroidManifest.xml:6:22-69
14    <!-- Call rejection on Android 9+ -->
15    <uses-permission android:name="android.permission.ANSWER_PHONE_CALLS" />
15-->src/main/AndroidManifest.xml:8:5-77
15-->src/main/AndroidManifest.xml:8:22-74
16    <!-- Legacy call rejection on older Android -->
17    <uses-permission android:name="android.permission.CALL_PHONE" />
17-->src/main/AndroidManifest.xml:10:5-69
17-->src/main/AndroidManifest.xml:10:22-66
18    <!-- SMS send and receive -->
19    <uses-permission android:name="android.permission.SEND_SMS" />
19-->src/main/AndroidManifest.xml:12:5-67
19-->src/main/AndroidManifest.xml:12:22-64
20    <uses-permission android:name="android.permission.RECEIVE_SMS" />
20-->src/main/AndroidManifest.xml:13:5-70
20-->src/main/AndroidManifest.xml:13:22-67
21    <uses-permission android:name="android.permission.READ_SMS" />
21-->src/main/AndroidManifest.xml:14:5-67
21-->src/main/AndroidManifest.xml:14:22-64
22    <!-- Contacts: read names and phone numbers for the whitelist -->
23    <uses-permission android:name="android.permission.READ_CONTACTS" />
23-->src/main/AndroidManifest.xml:16:5-72
23-->src/main/AndroidManifest.xml:16:22-69
24
25    <permission
25-->[androidx.core:core:1.12.0] AndroidManifest.xml:22:5-24:47
26        android:name="com.autoreply.app.DYNAMIC_RECEIVER_NOT_EXPORTED_PERMISSION"
26-->[androidx.core:core:1.12.0] AndroidManifest.xml:23:9-81
27        android:protectionLevel="signature" />
27-->[androidx.core:core:1.12.0] AndroidManifest.xml:24:9-44
28
29    <uses-permission android:name="com.autoreply.app.DYNAMIC_RECEIVER_NOT_EXPORTED_PERMISSION" />
29-->[androidx.core:core:1.12.0] AndroidManifest.xml:26:5-97
29-->[androidx.core:core:1.12.0] AndroidManifest.xml:26:22-94
30
31    <application
31-->src/main/AndroidManifest.xml:18:5-61:19
32        android:allowBackup="true"
32-->src/main/AndroidManifest.xml:19:9-35
33        android:appComponentFactory="androidx.core.app.CoreComponentFactory"
33-->[androidx.core:core:1.12.0] AndroidManifest.xml:28:18-86
34        android:debuggable="true"
35        android:extractNativeLibs="false"
36        android:icon="@drawable/ic_launcher"
36-->src/main/AndroidManifest.xml:20:9-45
37        android:label="@string/app_name"
37-->src/main/AndroidManifest.xml:21:9-41
38        android:roundIcon="@drawable/ic_launcher"
38-->src/main/AndroidManifest.xml:22:9-50
39        android:supportsRtl="true"
39-->src/main/AndroidManifest.xml:23:9-35
40        android:testOnly="true"
41        android:theme="@style/Theme.AutoReply" >
41-->src/main/AndroidManifest.xml:24:9-47
42        <activity
42-->src/main/AndroidManifest.xml:25:9-33:20
43            android:name="com.autoreply.app.MainActivity"
43-->src/main/AndroidManifest.xml:26:13-41
44            android:exported="true"
44-->src/main/AndroidManifest.xml:27:13-36
45            android:theme="@style/Theme.AutoReply" >
45-->src/main/AndroidManifest.xml:28:13-51
46            <intent-filter>
46-->src/main/AndroidManifest.xml:29:13-32:29
47                <action android:name="android.intent.action.MAIN" />
47-->src/main/AndroidManifest.xml:30:17-69
47-->src/main/AndroidManifest.xml:30:25-66
48
49                <category android:name="android.intent.category.LAUNCHER" />
49-->src/main/AndroidManifest.xml:31:17-77
49-->src/main/AndroidManifest.xml:31:27-74
50            </intent-filter>
51        </activity>
52
53        <!-- exported="true" required so system can deliver phone-state broadcasts -->
54        <receiver
54-->src/main/AndroidManifest.xml:36:9-42:20
55            android:name="com.autoreply.app.service.CallReceiver"
55-->src/main/AndroidManifest.xml:37:13-49
56            android:exported="true" >
56-->src/main/AndroidManifest.xml:38:13-36
57            <intent-filter>
57-->src/main/AndroidManifest.xml:39:13-41:29
58                <action android:name="android.intent.action.PHONE_STATE" />
58-->src/main/AndroidManifest.xml:40:17-76
58-->src/main/AndroidManifest.xml:40:25-73
59            </intent-filter>
60        </receiver>
61
62        <!-- priority="999" ensures we receive SMS before other apps; exported required for system delivery -->
63        <receiver
63-->src/main/AndroidManifest.xml:45:9-51:20
64            android:name="com.autoreply.app.service.SmsReceiver"
64-->src/main/AndroidManifest.xml:46:13-48
65            android:exported="true" >
65-->src/main/AndroidManifest.xml:47:13-36
66            <intent-filter android:priority="999" >
66-->src/main/AndroidManifest.xml:48:13-50:29
66-->src/main/AndroidManifest.xml:48:28-50
67                <action android:name="android.provider.Telephony.SMS_RECEIVED" />
67-->src/main/AndroidManifest.xml:49:17-82
67-->src/main/AndroidManifest.xml:49:25-79
68            </intent-filter>
69        </receiver>
70
71        <service
71-->src/main/AndroidManifest.xml:53:9-60:19
72            android:name="com.autoreply.app.service.WhatsAppReplyService"
72-->src/main/AndroidManifest.xml:54:13-57
73            android:exported="true"
73-->src/main/AndroidManifest.xml:55:13-36
74            android:permission="android.permission.BIND_NOTIFICATION_LISTENER_SERVICE" >
74-->src/main/AndroidManifest.xml:56:13-87
75            <intent-filter>
75-->src/main/AndroidManifest.xml:57:13-59:29
76                <action android:name="android.service.notification.NotificationListenerService" />
76-->src/main/AndroidManifest.xml:58:17-99
76-->src/main/AndroidManifest.xml:58:25-96
77            </intent-filter>
78        </service>
79
80        <provider
80-->[androidx.emoji2:emoji2:1.4.0] AndroidManifest.xml:24:9-32:20
81            android:name="androidx.startup.InitializationProvider"
81-->[androidx.emoji2:emoji2:1.4.0] AndroidManifest.xml:25:13-67
82            android:authorities="com.autoreply.app.androidx-startup"
82-->[androidx.emoji2:emoji2:1.4.0] AndroidManifest.xml:26:13-68
83            android:exported="false" >
83-->[androidx.emoji2:emoji2:1.4.0] AndroidManifest.xml:27:13-37
84            <meta-data
84-->[androidx.emoji2:emoji2:1.4.0] AndroidManifest.xml:29:13-31:52
85                android:name="androidx.emoji2.text.EmojiCompatInitializer"
85-->[androidx.emoji2:emoji2:1.4.0] AndroidManifest.xml:30:17-75
86                android:value="androidx.startup" />
86-->[androidx.emoji2:emoji2:1.4.0] AndroidManifest.xml:31:17-49
87            <meta-data
87-->[androidx.lifecycle:lifecycle-process:2.6.2] AndroidManifest.xml:29:13-31:52
88                android:name="androidx.lifecycle.ProcessLifecycleInitializer"
88-->[androidx.lifecycle:lifecycle-process:2.6.2] AndroidManifest.xml:30:17-78
89                android:value="androidx.startup" />
89-->[androidx.lifecycle:lifecycle-process:2.6.2] AndroidManifest.xml:31:17-49
90            <meta-data
90-->[androidx.profileinstaller:profileinstaller:1.3.0] AndroidManifest.xml:29:13-31:52
91                android:name="androidx.profileinstaller.ProfileInstallerInitializer"
91-->[androidx.profileinstaller:profileinstaller:1.3.0] AndroidManifest.xml:30:17-85
92                android:value="androidx.startup" />
92-->[androidx.profileinstaller:profileinstaller:1.3.0] AndroidManifest.xml:31:17-49
93        </provider>
94
95        <receiver
95-->[androidx.profileinstaller:profileinstaller:1.3.0] AndroidManifest.xml:34:9-52:20
96            android:name="androidx.profileinstaller.ProfileInstallReceiver"
96-->[androidx.profileinstaller:profileinstaller:1.3.0] AndroidManifest.xml:35:13-76
97            android:directBootAware="false"
97-->[androidx.profileinstaller:profileinstaller:1.3.0] AndroidManifest.xml:36:13-44
98            android:enabled="true"
98-->[androidx.profileinstaller:profileinstaller:1.3.0] AndroidManifest.xml:37:13-35
99            android:exported="true"
99-->[androidx.profileinstaller:profileinstaller:1.3.0] AndroidManifest.xml:38:13-36
100            android:permission="android.permission.DUMP" >
100-->[androidx.profileinstaller:profileinstaller:1.3.0] AndroidManifest.xml:39:13-57
101            <intent-filter>
101-->[androidx.profileinstaller:profileinstaller:1.3.0] AndroidManifest.xml:40:13-42:29
102                <action android:name="androidx.profileinstaller.action.INSTALL_PROFILE" />
102-->[androidx.profileinstaller:profileinstaller:1.3.0] AndroidManifest.xml:41:17-91
102-->[androidx.profileinstaller:profileinstaller:1.3.0] AndroidManifest.xml:41:25-88
103            </intent-filter>
104            <intent-filter>
104-->[androidx.profileinstaller:profileinstaller:1.3.0] AndroidManifest.xml:43:13-45:29
105                <action android:name="androidx.profileinstaller.action.SKIP_FILE" />
105-->[androidx.profileinstaller:profileinstaller:1.3.0] AndroidManifest.xml:44:17-85
105-->[androidx.profileinstaller:profileinstaller:1.3.0] AndroidManifest.xml:44:25-82
106            </intent-filter>
107            <intent-filter>
107-->[androidx.profileinstaller:profileinstaller:1.3.0] AndroidManifest.xml:46:13-48:29
108                <action android:name="androidx.profileinstaller.action.SAVE_PROFILE" />
108-->[androidx.profileinstaller:profileinstaller:1.3.0] AndroidManifest.xml:47:17-88
108-->[androidx.profileinstaller:profileinstaller:1.3.0] AndroidManifest.xml:47:25-85
109            </intent-filter>
110            <intent-filter>
110-->[androidx.profileinstaller:profileinstaller:1.3.0] AndroidManifest.xml:49:13-51:29
111                <action android:name="androidx.profileinstaller.action.BENCHMARK_OPERATION" />
111-->[androidx.profileinstaller:profileinstaller:1.3.0] AndroidManifest.xml:50:17-95
111-->[androidx.profileinstaller:profileinstaller:1.3.0] AndroidManifest.xml:50:25-92
112            </intent-filter>
113        </receiver>
114    </application>
115
116</manifest>